[0.499s] DEBUG:colcon:Command line arguments: ['/usr/bin/colcon', 'build']
[0.500s] DEBUG:colcon:Parsed command line arguments: Namespace(log_base=None, log_level=None, verb_name='build', build_base='build', install_base='install', merge_install=False, symlink_install=False, test_result_base=None, continue_on_error=False, executor='parallel', parallel_workers=4, event_handlers=None, ignore_user_meta=False, metas=['./colcon.meta'], base_paths=['.'], packages_ignore=None, packages_ignore_regex=None, paths=None, packages_up_to=None, packages_up_to_regex=None, packages_above=None, packages_above_and_dependencies=None, packages_above_depth=None, packages_select_by_dep=None, packages_skip_by_dep=None, packages_skip_up_to=None, packages_select_build_failed=False, packages_skip_build_finished=False, packages_select_test_failures=False, packages_skip_test_passed=False, packages_select=None, packages_skip=None, packages_select_regex=None, packages_skip_regex=None, packages_start=None, packages_end=None, cmake_args=None, cmake_target=None, cmake_target_skip_unavailable=False, cmake_clean_cache=False, cmake_clean_first=False, cmake_force_configure=False, ament_cmake_args=None, catkin_cmake_args=None, catkin_skip_building_tests=False, verb_parser=<colcon_defaults.argument_parser.defaults.DefaultArgumentsDecorator object at 0x7fff446b7190>, verb_extension=<colcon_core.verb.build.BuildVerb object at 0x7fff43aa54d0>, main=<bound method BuildVerb.main of <colcon_core.verb.build.BuildVerb object at 0x7fff43aa54d0>>)
[0.598s] Level 1:colcon.colcon_core.package_discovery:discover_packages(colcon_meta) check parameters
[0.599s] Level 1:colcon.colcon_core.package_discovery:discover_packages(recursive) check parameters
[0.599s] Level 1:colcon.colcon_core.package_discovery:discover_packages(ignore) check parameters
[0.599s] Level 1:colcon.colcon_core.package_discovery:discover_packages(path) check parameters
[0.599s] Level 1:colcon.colcon_core.package_discovery:discover_packages(colcon_meta) discover
[0.599s] Level 1:colcon.colcon_core.package_discovery:discover_packages(recursive) discover
[0.599s] INFO:colcon.colcon_core.package_discovery:Crawling recursively for packages in '/home/pi/ros2_humble/src/ultrasonic_sensor'
[0.599s] Level 1:colcon.colcon_core.package_identification:_identify(.) by extensions ['ignore', 'ignore_ament_install']
[0.599s] Level 1:colcon.colcon_core.package_identification:_identify(.) by extension 'ignore'
[0.599s] Level 1:colcon.colcon_core.package_identification:_identify(.) by extension 'ignore_ament_install'
[0.599s] Level 1:colcon.colcon_core.package_identification:_identify(.) by extensions ['colcon_pkg']
[0.599s] Level 1:colcon.colcon_core.package_identification:_identify(.) by extension 'colcon_pkg'
[0.599s] Level 1:colcon.colcon_core.package_identification:_identify(.) by extensions ['colcon_meta']
[0.599s] Level 1:colcon.colcon_core.package_identification:_identify(.) by extension 'colcon_meta'
[0.599s] Level 1:colcon.colcon_core.package_identification:_identify(.) by extensions ['ros']
[0.599s] Level 1:colcon.colcon_core.package_identification:_identify(.) by extension 'ros'
[0.631s] DEBUG:colcon.colcon_core.package_identification:Package '.' with type 'ros.ament_python' and name 'ultrasonic_sensor'
[0.631s] Level 1:colcon.colcon_core.package_discovery:discover_packages(recursive) using defaults
[0.631s] Level 1:colcon.colcon_core.package_discovery:discover_packages(ignore) discover
[0.631s] Level 1:colcon.colcon_core.package_discovery:discover_packages(ignore) using defaults
[0.631s] Level 1:colcon.colcon_core.package_discovery:discover_packages(path) discover
[0.631s] Level 1:colcon.colcon_core.package_discovery:discover_packages(path) using defaults
[0.681s] Level 5:colcon.colcon_core.verb:set package 'ultrasonic_sensor' build argument 'cmake_args' from command line to 'None'
[0.681s] Level 5:colcon.colcon_core.verb:set package 'ultrasonic_sensor' build argument 'cmake_target' from command line to 'None'
[0.681s] Level 5:colcon.colcon_core.verb:set package 'ultrasonic_sensor' build argument 'cmake_target_skip_unavailable' from command line to 'False'
[0.681s] Level 5:colcon.colcon_core.verb:set package 'ultrasonic_sensor' build argument 'cmake_clean_cache' from command line to 'False'
[0.681s] Level 5:colcon.colcon_core.verb:set package 'ultrasonic_sensor' build argument 'cmake_clean_first' from command line to 'False'
[0.681s] Level 5:colcon.colcon_core.verb:set package 'ultrasonic_sensor' build argument 'cmake_force_configure' from command line to 'False'
[0.681s] Level 5:colcon.colcon_core.verb:set package 'ultrasonic_sensor' build argument 'ament_cmake_args' from command line to 'None'
[0.681s] Level 5:colcon.colcon_core.verb:set package 'ultrasonic_sensor' build argument 'catkin_cmake_args' from command line to 'None'
[0.681s] Level 5:colcon.colcon_core.verb:set package 'ultrasonic_sensor' build argument 'catkin_skip_building_tests' from command line to 'False'
[0.681s] DEBUG:colcon.colcon_core.verb:Building package 'ultrasonic_sensor' with the following arguments: {'ament_cmake_args': None, 'build_base': '/home/pi/ros2_humble/src/ultrasonic_sensor/build/ultrasonic_sensor', 'catkin_cmake_args': None, 'catkin_skip_building_tests': False, 'cmake_args': None, 'cmake_clean_cache': False, 'cmake_clean_first': False, 'cmake_force_configure': False, 'cmake_target': None, 'cmake_target_skip_unavailable': False, 'install_base': '/home/pi/ros2_humble/src/ultrasonic_sensor/install/ultrasonic_sensor', 'merge_install': False, 'path': '/home/pi/ros2_humble/src/ultrasonic_sensor', 'symlink_install': False, 'test_result_base': None}
[0.682s] INFO:colcon.colcon_core.executor:Executing jobs using 'parallel' executor
[0.683s] DEBUG:colcon.colcon_parallel_executor.executor.parallel:run_until_complete
[0.684s] INFO:colcon.colcon_ros.task.ament_python.build:Building ROS package in '/home/pi/ros2_humble/src/ultrasonic_sensor' with build type 'ament_python'
[0.684s] Level 1:colcon.colcon_core.shell:create_environment_hook('ultrasonic_sensor', 'ament_prefix_path')
[0.691s] INFO:colcon.colcon_core.plugin_system:Skipping extension 'colcon_core.shell.bat': Not used on non-Windows systems
[0.691s] INFO:colcon.colcon_core.shell:Creating environment descriptor '/home/pi/ros2_humble/src/ultrasonic_sensor/install/ultrasonic_sensor/share/ultrasonic_sensor/hook/ament_prefix_path.dsv'
[0.692s] INFO:colcon.colcon_core.shell:Creating environment hook '/home/pi/ros2_humble/src/ultrasonic_sensor/install/ultrasonic_sensor/share/ultrasonic_sensor/hook/ament_prefix_path.sh'
[0.693s] DEBUG:colcon.colcon_core.shell:Skip shell extension 'dsv' for command environment
[1.724s] INFO:colcon.colcon_core.task.python.build:Building Python package in '/home/pi/ros2_humble/src/ultrasonic_sensor'
[1.725s] DEBUG:colcon.colcon_core.shell:Skip shell extension 'dsv' for command environment
[3.443s] DEBUG:colcon.colcon_core.event_handler.log_command:Invoking command in '/home/pi/ros2_humble/src/ultrasonic_sensor': PYTHONPATH=/home/pi/ros2_humble/src/ultrasonic_sensor/build/ultrasonic_sensor/prefix_override:/home/pi/ros2_humble/src/ultrasonic_sensor/install/ultrasonic_sensor/lib/python3.11/site-packages:${PYTHONPATH} /usr/bin/python3 setup.py egg_info --egg-base build/ultrasonic_sensor build --build-base /home/pi/ros2_humble/src/ultrasonic_sensor/build/ultrasonic_sensor/build install --record /home/pi/ros2_humble/src/ultrasonic_sensor/build/ultrasonic_sensor/install.log --single-version-externally-managed
[4.961s] DEBUG:colcon.colcon_core.event_handler.log_command:Invoked command in '/home/pi/ros2_humble/src/ultrasonic_sensor' returned '0': PYTHONPATH=/home/pi/ros2_humble/src/ultrasonic_sensor/build/ultrasonic_sensor/prefix_override:/home/pi/ros2_humble/src/ultrasonic_sensor/install/ultrasonic_sensor/lib/python3.11/site-packages:${PYTHONPATH} /usr/bin/python3 setup.py egg_info --egg-base build/ultrasonic_sensor build --build-base /home/pi/ros2_humble/src/ultrasonic_sensor/build/ultrasonic_sensor/build install --record /home/pi/ros2_humble/src/ultrasonic_sensor/build/ultrasonic_sensor/install.log --single-version-externally-managed
[4.968s] Level 1:colcon.colcon_core.environment:checking '/home/pi/ros2_humble/src/ultrasonic_sensor/install/ultrasonic_sensor' for CMake module files
[4.969s] Level 1:colcon.colcon_core.environment:checking '/home/pi/ros2_humble/src/ultrasonic_sensor/install/ultrasonic_sensor' for CMake config files
[4.969s] Level 1:colcon.colcon_core.environment:checking '/home/pi/ros2_humble/src/ultrasonic_sensor/install/ultrasonic_sensor/lib'
[4.970s] Level 1:colcon.colcon_core.environment:checking '/home/pi/ros2_humble/src/ultrasonic_sensor/install/ultrasonic_sensor/bin'
[4.970s] Level 1:colcon.colcon_core.environment:checking '/home/pi/ros2_humble/src/ultrasonic_sensor/install/ultrasonic_sensor/lib/pkgconfig/ultrasonic_sensor.pc'
[4.970s] Level 1:colcon.colcon_core.environment:checking '/home/pi/ros2_humble/src/ultrasonic_sensor/install/ultrasonic_sensor/lib/python3.11/site-packages'
[4.970s] Level 1:colcon.colcon_core.shell:create_environment_hook('ultrasonic_sensor', 'pythonpath')
[4.971s] INFO:colcon.colcon_core.shell:Creating environment descriptor '/home/pi/ros2_humble/src/ultrasonic_sensor/install/ultrasonic_sensor/share/ultrasonic_sensor/hook/pythonpath.dsv'
[4.971s] INFO:colcon.colcon_core.shell:Creating environment hook '/home/pi/ros2_humble/src/ultrasonic_sensor/install/ultrasonic_sensor/share/ultrasonic_sensor/hook/pythonpath.sh'
[4.972s] Level 1:colcon.colcon_core.environment:checking '/home/pi/ros2_humble/src/ultrasonic_sensor/install/ultrasonic_sensor/bin'
[4.972s] Level 1:colcon.colcon_core.environment:create_environment_scripts_only(ultrasonic_sensor)
[4.973s] INFO:colcon.colcon_core.shell:Creating package descriptor '/home/pi/ros2_humble/src/ultrasonic_sensor/install/ultrasonic_sensor/share/ultrasonic_sensor/package.dsv'
[4.973s] INFO:colcon.colcon_core.shell:Creating package script '/home/pi/ros2_humble/src/ultrasonic_sensor/install/ultrasonic_sensor/share/ultrasonic_sensor/package.sh'
[4.974s] INFO:colcon.colcon_core.shell:Creating package script '/home/pi/ros2_humble/src/ultrasonic_sensor/install/ultrasonic_sensor/share/ultrasonic_sensor/package.bash'
[4.974s] INFO:colcon.colcon_core.shell:Creating package script '/home/pi/ros2_humble/src/ultrasonic_sensor/install/ultrasonic_sensor/share/ultrasonic_sensor/package.zsh'
[4.975s] Level 1:colcon.colcon_core.environment:create_file_with_runtime_dependencies(/home/pi/ros2_humble/src/ultrasonic_sensor/install/ultrasonic_sensor/share/colcon-core/packages/ultrasonic_sensor)
[4.975s] DEBUG:colcon.colcon_parallel_executor.executor.parallel:closing loop
[4.975s] DEBUG:colcon.colcon_parallel_executor.executor.parallel:loop closed
[4.976s] DEBUG:colcon.colcon_parallel_executor.executor.parallel:run_until_complete finished with '0'
[4.976s] DEBUG:colcon.colcon_core.event_reactor:joining thread
[4.991s] INFO:colcon.colcon_core.plugin_system:Skipping extension 'colcon_notification.desktop_notification.notify_send': Could not find 'notify-send'
[4.991s] INFO:colcon.colcon_core.plugin_system:Skipping extension 'colcon_notification.desktop_notification.terminal_notifier': Not used on non-Darwin systems
[4.991s] INFO:colcon.colcon_core.plugin_system:Skipping extension 'colcon_notification.desktop_notification.win32': Not used on non-Windows systems
[4.991s] INFO:colcon.colcon_notification.desktop_notification:Sending desktop notification using 'notify2'
[4.992s] DEBUG:colcon.colcon_notification.desktop_notification.notify2:Failed to initialize notify2: org.freedesktop.DBus.Error.ServiceUnknown: The name org.freedesktop.Notifications was not provided by any .service files
[4.992s] DEBUG:colcon.colcon_core.event_reactor:joined thread
[4.993s] INFO:colcon.colcon_core.shell:Creating prefix script '/home/pi/ros2_humble/src/ultrasonic_sensor/install/local_setup.sh'
[4.994s] INFO:colcon.colcon_core.shell:Creating prefix util module '/home/pi/ros2_humble/src/ultrasonic_sensor/install/_local_setup_util_sh.py'
[4.995s] INFO:colcon.colcon_core.shell:Creating prefix chain script '/home/pi/ros2_humble/src/ultrasonic_sensor/install/setup.sh'
[5.007s] INFO:colcon.colcon_core.shell:Creating prefix script '/home/pi/ros2_humble/src/ultrasonic_sensor/install/local_setup.bash'
[5.008s] INFO:colcon.colcon_core.shell:Creating prefix chain script '/home/pi/ros2_humble/src/ultrasonic_sensor/install/setup.bash'
[5.020s] INFO:colcon.colcon_core.shell:Creating prefix script '/home/pi/ros2_humble/src/ultrasonic_sensor/install/local_setup.zsh'
[5.020s] INFO:colcon.colcon_core.shell:Creating prefix chain script '/home/pi/ros2_humble/src/ultrasonic_sensor/install/setup.zsh'
