running egg_info
creating build/ultrasonic_sensor/ultrasonic_sensor.egg-info
writing build/ultrasonic_sensor/ultrasonic_sensor.egg-info/PKG-INFO
writing dependency_links to build/ultrasonic_sensor/ultrasonic_sensor.egg-info/dependency_links.txt
writing entry points to build/ultrasonic_sensor/ultrasonic_sensor.egg-info/entry_points.txt
writing requirements to build/ultrasonic_sensor/ultrasonic_sensor.egg-info/requires.txt
writing top-level names to build/ultrasonic_sensor/ultrasonic_sensor.egg-info/top_level.txt
writing manifest file 'build/ultrasonic_sensor/ultrasonic_sensor.egg-info/SOURCES.txt'
reading manifest file 'build/ultrasonic_sensor/ultrasonic_sensor.egg-info/SOURCES.txt'
writing manifest file 'build/ultrasonic_sensor/ultrasonic_sensor.egg-info/SOURCES.txt'
running build
running build_py
creating /home/pi/ros2_humble/src/ultrasonic_sensor/build/ultrasonic_sensor/build
creating /home/pi/ros2_humble/src/ultrasonic_sensor/build/ultrasonic_sensor/build/lib
creating /home/pi/ros2_humble/src/ultrasonic_sensor/build/ultrasonic_sensor/build/lib/ultrasonic_sensor
copying ultrasonic_sensor/my_nodepub.py -> /home/pi/ros2_humble/src/ultrasonic_sensor/build/ultrasonic_sensor/build/lib/ultrasonic_sensor
copying ultrasonic_sensor/__init__.py -> /home/pi/ros2_humble/src/ultrasonic_sensor/build/ultrasonic_sensor/build/lib/ultrasonic_sensor
copying ultrasonic_sensor/my_nodesub.py -> /home/pi/ros2_humble/src/ultrasonic_sensor/build/ultrasonic_sensor/build/lib/ultrasonic_sensor
running install
running install_lib
creating /home/pi/ros2_humble/src/ultrasonic_sensor/install/ultrasonic_sensor/lib/python3.11/site-packages/ultrasonic_sensor
copying /home/pi/ros2_humble/src/ultrasonic_sensor/build/ultrasonic_sensor/build/lib/ultrasonic_sensor/my_nodepub.py -> /home/pi/ros2_humble/src/ultrasonic_sensor/install/ultrasonic_sensor/lib/python3.11/site-packages/ultrasonic_sensor
copying /home/pi/ros2_humble/src/ultrasonic_sensor/build/ultrasonic_sensor/build/lib/ultrasonic_sensor/__init__.py -> /home/pi/ros2_humble/src/ultrasonic_sensor/install/ultrasonic_sensor/lib/python3.11/site-packages/ultrasonic_sensor
copying /home/pi/ros2_humble/src/ultrasonic_sensor/build/ultrasonic_sensor/build/lib/ultrasonic_sensor/my_nodesub.py -> /home/pi/ros2_humble/src/ultrasonic_sensor/install/ultrasonic_sensor/lib/python3.11/site-packages/ultrasonic_sensor
byte-compiling /home/pi/ros2_humble/src/ultrasonic_sensor/install/ultrasonic_sensor/lib/python3.11/site-packages/ultrasonic_sensor/my_nodepub.py to my_nodepub.cpython-311.pyc
byte-compiling /home/pi/ros2_humble/src/ultrasonic_sensor/install/ultrasonic_sensor/lib/python3.11/site-packages/ultrasonic_sensor/__init__.py to __init__.cpython-311.pyc
byte-compiling /home/pi/ros2_humble/src/ultrasonic_sensor/install/ultrasonic_sensor/lib/python3.11/site-packages/ultrasonic_sensor/my_nodesub.py to my_nodesub.cpython-311.pyc
running install_data
creating /home/pi/ros2_humble/src/ultrasonic_sensor/install/ultrasonic_sensor/share/ament_index
creating /home/pi/ros2_humble/src/ultrasonic_sensor/install/ultrasonic_sensor/share/ament_index/resource_index
creating /home/pi/ros2_humble/src/ultrasonic_sensor/install/ultrasonic_sensor/share/ament_index/resource_index/packages
copying resource/ultrasonic_sensor -> /home/pi/ros2_humble/src/ultrasonic_sensor/install/ultrasonic_sensor/share/ament_index/resource_index/packages
copying package.xml -> /home/pi/ros2_humble/src/ultrasonic_sensor/install/ultrasonic_sensor/share/ultrasonic_sensor
running install_egg_info
Copying build/ultrasonic_sensor/ultrasonic_sensor.egg-info to /home/pi/ros2_humble/src/ultrasonic_sensor/install/ultrasonic_sensor/lib/python3.11/site-packages/ultrasonic_sensor-0.0.0-py3.11.egg-info
running install_scripts
Installing my_nodepub script to /home/pi/ros2_humble/src/ultrasonic_sensor/install/ultrasonic_sensor/lib/ultrasonic_sensor
Installing my_nodesub script to /home/pi/ros2_humble/src/ultrasonic_sensor/install/ultrasonic_sensor/lib/ultrasonic_sensor
writing list of installed files to '/home/pi/ros2_humble/src/ultrasonic_sensor/build/ultrasonic_sensor/install.log'
